>gi|16129280|b1319|b1319|   outer membrane porin   [Escherichia coli str. K-12 substr. MG1655 | 511145.12]
51	149	
>gi|16129277|b1316|b1316|   predicted hydrolase   [Escherichia coli str. K-12 substr. MG1655 | 511145.12]
1815	1922	
>gi|0|b4491|b4491|      [Escherichia coli str. K-12 substr. MG1655 | 511145.12]
981	1085	
>gi|16129215|b1254|b1254|   predicted inner membrane protein   [Escherichia coli str. K-12 substr. MG1655 | 511145.12]
240	341	
>gi|16129239|b1278|b1278|   phosphatidylglycerophosphatase B   [Escherichia coli str. K-12 substr. MG1655 | 511145.12]
219	320	
>gi|16128985|b1021|b1021|   predicted inner membrane protein   [Escherichia coli str. K-12 substr. MG1655 | 511145.12]
51	161	
>gi|16129025|b1062|b1062|   dihydro-orotase   [Escherichia coli str. K-12 substr. MG1655 | 511145.12]
618	743	
>gi|16129057|b1094|b1094|   acyl carrier protein (ACP)   [Escherichia coli str. K-12 substr. MG1655 | 511145.12]
63	167	
>gi|16128990|b1026|b1026|   IS3 element protein InsF   [Escherichia coli str. K-12 substr. MG1655 | 511145.12]
60	245	
>gi|16129310|b1349|b1349|   Rac prophage; recombination and repair protein   [Escherichia coli str. K-12 substr. MG1655 | 511145.12]
213	326	
>gi|16129296|b1335|b1335|   O-6-alkylguanine-DNA:cysteine-protein methyltransferase   [Escherichia coli str. K-12 substr. MG1655 | 511145.12]
279	377	
>gi|16129211|b1250|b1250|   voltage-gated potassium channel   [Escherichia coli str. K-12 substr. MG1655 | 511145.12]
1107	1220	
>gi|16129450|b1491|b1491|   predicted liprotein   [Escherichia coli str. K-12 substr. MG1655 | 511145.12]
861	980	
1200	1316	
>gi|16129138|b1175|b1175|   membrane ATPase of the MinC-MinD-MinE system   [Escherichia coli str. K-12 substr. MG1655 | 511145.12]
318	449	
>gi|16129176|b1213|b1213|   predicted transcriptional regulator   [Escherichia coli str. K-12 substr. MG1655 | 511145.12]
273	383	
>gi|0|b1157|b1157|      [Escherichia coli str. K-12 substr. MG1655 | 511145.12]
237	338	
>gi|16129155|b1192|b1192|   L,D-carboxypeptidase A   [Escherichia coli str. K-12 substr. MG1655 | 511145.12]
3	167	
>gi|145698256|b1424|b1424|   glucan biosynthesis protein, periplasmic   [Escherichia coli str. K-12 substr. MG1655 | 511145.12]
30	143	
1191	1343	
>gi|16129171|b1208|b1208|   4-diphosphocytidyl-2-C-methylerythritol kinase   [Escherichia coli str. K-12 substr. MG1655 | 511145.12]
60	158	
>gi|16129320|b1359|b1359|   Rac prophage; conserved protein   [Escherichia coli str. K-12 substr. MG1655 | 511145.12]
408	524	
>gi|16129221|b1260|b1260|   tryptophan synthase, alpha subunit   [Escherichia coli str. K-12 substr. MG1655 | 511145.12]
234	335	
489	623	
>gi|90111264|b1385|b1385|   phenylacetaldehyde dehydrogenase   [Escherichia coli str. K-12 substr. MG1655 | 511145.12]
375	509	
>gi|16129342|b1381|b1381|   predicted protein   [Escherichia coli str. K-12 substr. MG1655 | 511145.12]
1362	1463	
>gi|16128983|b1019|b1019|   conserved protein   [Escherichia coli str. K-12 substr. MG1655 | 511145.12]
471	599	
>gi|16129446|b1487|b1487|   D-ala-D-a la transporter subunit   [Escherichia coli str. K-12 substr. MG1655 | 511145.12]
714	821	
>gi|16129204|b1243|b1243|   oligopeptide transporter subunit   [Escherichia coli str. K-12 substr. MG1655 | 511145.12]
456	554	
>gi|0|b1505|b1505|      [Escherichia coli str. K-12 substr. MG1655 | 511145.12]
1077	1175	
>gi|16129339|b1378|b1378|   fused predicted pyruvate-flavodoxin oxidoreductase: conserved protein/conserved protein/FeS binding protein   [Escherichia coli str. K-12 substr. MG1655 | 511145.12]
129	242	
>gi|16129289|b1328|b1328|   predicted DNA-binding transcriptional regulator   [Escherichia coli str. K-12 substr. MG1655 | 511145.12]
549	674	
>gi|16129222|b1261|b1261|   tryptophan synthase, beta subunit   [Escherichia coli str. K-12 substr. MG1655 | 511145.12]
627	842	
>gi|0|b4696|b4696|      [Escherichia coli str. K-12 substr. MG1655 | 511145.12]
3639	3740	
>gi|16129100|b1137|b1137|   e14 prophage; predicted SAM-dependent methyltransferase   [Escherichia coli str. K-12 substr. MG1655 | 511145.12]
291	443	
>gi|16129095|b1132|b1132|   predicted lysogenization regulator   [Escherichia coli str. K-12 substr. MG1655 | 511145.12]
435	569	
>gi|145698255|b1413|b1413|   ATP-dependent helicase   [Escherichia coli str. K-12 substr. MG1655 | 511145.12]
1545	1643	
>gi|16129147|b1184|b1184|   DNA polymerase V, subunit C   [Escherichia coli str. K-12 substr. MG1655 | 511145.12]
15	113	
702	800	
>gi|16129386|b1427|b1427|   ribosomal-protein-L7/L12-serine acetyltransferase   [Escherichia coli str. K-12 substr. MG1655 | 511145.12]
363	479	
>gi|16128984|b1020|b1020|   conserved protein with nucleoside triphosphate hydrolase domain   [Escherichia coli str. K-12 substr. MG1655 | 511145.12]
639	761	
>gi|16129056|b1093|b1093|   3-oxoacyl-[acyl-carrier-protein] reductase   [Escherichia coli str. K-12 substr. MG1655 | 511145.12]
525	623	
>gi|16129382|b1423|b1423|   conserved protein   [Escherichia coli str. K-12 substr. MG1655 | 511145.12]
246	380	
>gi|16129416|b1457|b1457|   predicted protein   [Escherichia coli str. K-12 substr. MG1655 | 511145.12]
345	455	
>gi|16129047|b1084|b1084|   fused ribonucleaseE: endoribonuclease/RNA-binding protein/RNA degradosome binding protein   [Escherichia coli str. K-12 substr. MG1655 | 511145.12]
1095	1205	
2337	2438	
>gi|90111205|b1033|b1033|   2-ketoacid reductase   [Escherichia coli str. K-12 substr. MG1655 | 511145.12]
453	551	
>gi|16129247|b1286|b1286|   ribonuclease II   [Escherichia coli str. K-12 substr. MG1655 | 511145.12]
255	353	
>gi|16129083|b1120|b1120|   deacetylase of acetyl-CoA synthetase, NAD-dependent   [Escherichia coli str. K-12 substr. MG1655 | 511145.12]
141	245	
>gi|16129444|b1485|b1485|   D-ala-D-ala transporter subunit   [Escherichia coli str. K-12 substr. MG1655 | 511145.12]
162	293	
336	500	
>gi|16129208|b1247|b1247|   oligopeptide transporter subunit   [Escherichia coli str. K-12 substr. MG1655 | 511145.12]
165	281	
>gi|16129401|b1442|b1442|   predicted spermidine/putrescine transporter subunit   [Escherichia coli str. K-12 substr. MG1655 | 511145.12]
54	161	
>gi|16129405|b1446|b1446|   predicted protein   [Escherichia coli str. K-12 substr. MG1655 | 511145.12]
120	218	
>gi|16129086|b1123|b1123|   polyamine transporter subunit   [Escherichia coli str. K-12 substr. MG1655 | 511145.12]
192	290	
>gi|16129012|b1049|b1049|   glucan biosynthesis: glycosyl transferase   [Escherichia coli str. K-12 substr. MG1655 | 511145.12]
711	815	
>gi|16129219|b1258|b1258|   conserved protein   [Escherichia coli str. K-12 substr. MG1655 | 511145.12]
267	368	
>gi|145698248|b1220|b1220|   predicted invasin   [Escherichia coli str. K-12 substr. MG1655 | 511145.12]
6	149	
>gi|16129453|b1494|b1494|   predicted peptidase   [Escherichia coli str. K-12 substr. MG1655 | 511145.12]
1044	1262	
1455	1559	
>gi|16129206|b1245|b1245|   oligopeptide transporter subunit   [Escherichia coli str. K-12 substr. MG1655 | 511145.12]
513	653	
>gi|90111239|b1262|b1262|   fused indole-3-glycerolphosphate synthetase/N-(5-phosphoribosyl)anthranilate isomerase   [Escherichia coli str. K-12 substr. MG1655 | 511145.12]
639	737	
>gi|16129237|b1276|b1276|   aconitate hydratase 1   [Escherichia coli str. K-12 substr. MG1655 | 511145.12]
528	755	
>gi|16129170|b1207|b1207|   phosphoribosylpyrophosphate synthase   [Escherichia coli str. K-12 substr. MG1655 | 511145.12]
807	908	
>gi|16129407|b1448|b1448|   predicted acyltransferase with acyl-CoA N-acyltransferase domain   [Escherichia coli str. K-12 substr. MG1655 | 511145.12]
276	413	
>gi|16129451|b1492|b1492|   predicted glutamate:gamma-aminobutyric acid antiporter   [Escherichia coli str. K-12 substr. MG1655 | 511145.12]
543	659	
>gi|16129119|b1156|b1156|   e14 prophage; predicted tail fiber assembly protein   [Escherichia coli str. K-12 substr. MG1655 | 511145.12]
450	560	
>gi|16129274|b1313|b1313|   predicted oxidoreductase, Zn-dependent and NAD(P)-binding   [Escherichia coli str. K-12 substr. MG1655 | 511145.12]
396	494	
>gi|90111268|b1418|b1418|   cytochrome b561   [Escherichia coli str. K-12 substr. MG1655 | 511145.12]
102	200	
>gi|162135920|b1386|b1386|   tyramine oxidase, copper-requiring   [Escherichia coli str. K-12 substr. MG1655 | 511145.12]
1686	1787	
>gi|16129467|b1508|b1508|   DNA-binding transcriptional regulator   [Escherichia coli str. K-12 substr. MG1655 | 511145.12]
105	209	
>gi|16129318|b1357|b1357|   Rac prophage; predicted DNA-binding transcriptional regulator   [Escherichia coli str. K-12 substr. MG1655 | 511145.12]
186	293	
>gi|90111277|b1453|b1453|   L-asparagine transporter   [Escherichia coli str. K-12 substr. MG1655 | 511145.12]
606	713	
>gi|90111231|b1193|b1193|   lytic murein endotransglycosylase E   [Escherichia coli str. K-12 substr. MG1655 | 511145.12]
192	290	
>gi|90111247|b1309|b1309|   predicted glucosyltransferase   [Escherichia coli str. K-12 substr. MG1655 | 511145.12]
1557	1676	
>gi|49176076|b1080|b1080|   predicted flagellar basal body protein   [Escherichia coli str. K-12 substr. MG1655 | 511145.12]
561	659	
>gi|16129162|b1199|b1199|   dihydroxyacetone kinase, C-terminal domain   [Escherichia coli str. K-12 substr. MG1655 | 511145.12]
354	479	
>gi|16129445|b1486|b1486|   D-ala-D-ala transporter subunit   [Escherichia coli str. K-12 substr. MG1655 | 511145.12]
498	596	
>gi|16129046|b1083|b1083|   flagellar hook-filament junction protein   [Escherichia coli str. K-12 substr. MG1655 | 511145.12]
270	416	
>gi|16129261|b1300|b1300|   gamma-Glu-gamma-aminobutyraldehyde dehydrogenase,  NAD(P)H-dependent   [Escherichia coli str. K-12 substr. MG1655 | 511145.12]
915	1013	
>gi|16129184|b1221|b1221|   DNA-binding response regulator in two-component regulatory system with NarX (or NarQ)   [Escherichia coli str. K-12 substr. MG1655 | 511145.12]
432	578	
>gi|16129311|b1350|b1350|   Rac prophage; exonuclease VIII, 5' -> 3' specific dsDNA exonuclease   [Escherichia coli str. K-12 substr. MG1655 | 511145.12]
2394	2528	
>gi|16129433|b1474|b1474|   formate dehydrogenase-N, alpha subunit, nitrate-inducible   [Escherichia coli str. K-12 substr. MG1655 | 511145.12]
471	593	
>gi|16129379|b1420|b1420|   regulatory peptide   [Escherichia coli str. K-12 substr. MG1655 | 511145.12]
24	155	
>gi|16129165|b1202|b1202|   predicted adhesin   [Escherichia coli str. K-12 substr. MG1655 | 511145.12]
2583	2687	
>gi|16129272|b1311|b1311|   predicted sugar transporter subunit:  membrane component of ABC superfamily   [Escherichia coli str. K-12 substr. MG1655 | 511145.12]
225	356	
>gi|16129101|b1138|b1138|   e14 prophage; predicted inner membrane protein   [Escherichia coli str. K-12 substr. MG1655 | 511145.12]
507	665	
>gi|226524706|b1027|b1027|   IS3 element protein InsE   [Escherichia coli str. K-12 substr. MG1655 | 511145.12]
120	224	
>gi|0|b1471|b1471|      [Escherichia coli str. K-12 substr. MG1655 | 511145.12]
741	845	
>gi|90111267|b1408|b1408|   predicted inner membrane protein   [Escherichia coli str. K-12 substr. MG1655 | 511145.12]
24	122	
>gi|16129233|b1272|b1272|   predicted inner membrane peptidase   [Escherichia coli str. K-12 substr. MG1655 | 511145.12]
72	170	
588	686	
>gi|16129292|b1331|b1331|   IS5 transposase and trans-activator   [Escherichia coli str. K-12 substr. MG1655 | 511145.12]
159	287	
>gi|16129463|b1504|b1504|   predicted fimbrial-like adhesin protein   [Escherichia coli str. K-12 substr. MG1655 | 511145.12]
57	158	
>gi|16129454|b1495|b1495|   predicted porin protein   [Escherichia coli str. K-12 substr. MG1655 | 511145.12]
519	617	
1713	1832	
>gi|16129011|b1048|b1048|   glucan biosynthesis protein, periplasmic   [Escherichia coli str. K-12 substr. MG1655 | 511145.12]
303	416	
>gi|16129087|b1124|b1124|   polyamine transporter subunit   [Escherichia coli str. K-12 substr. MG1655 | 511145.12]
414	512	
>gi|16129303|b1342|b1342|   predicted Zn(II) transporter   [Escherichia coli str. K-12 substr. MG1655 | 511145.12]
174	272	
>gi|94541109|b4526|b4526|   Rac prophage; conserved protein   [Escherichia coli str. K-12 substr. MG1655 | 511145.12]
21	128	
>gi|16129422|b1463|b1463|   N-hydroxyarylamine O-acetyltransferase   [Escherichia coli str. K-12 substr. MG1655 | 511145.12]
669	773	
>gi|0|b1368|b1368|      [Escherichia coli str. K-12 substr. MG1655 | 511145.12]
381	488	
708	866	
>gi|90111248|b1314|b1314|   predicted enzyme   [Escherichia coli str. K-12 substr. MG1655 | 511145.12]
651	749	
>gi|16129016|b1053|b1053|   predicted drug efflux system   [Escherichia coli str. K-12 substr. MG1655 | 511145.12]
609	737	
>gi|16129306|b1345|b1345|   Rac prophage; integrase   [Escherichia coli str. K-12 substr. MG1655 | 511145.12]
624	725	
>gi|16129117|b1154|b1154|   e14 prophage; predicted protein   [Escherichia coli str. K-12 substr. MG1655 | 511145.12]
228	326	
>gi|16129423|b1464|b1464|   conserved protein   [Escherichia coli str. K-12 substr. MG1655 | 511145.12]
66	164	
>gi|90111261|b1372|b1372|   Rac prophage; predicted tail fiber protein   [Escherichia coli str. K-12 substr. MG1655 | 511145.12]
1038	1142	
1995	2099	
>gi|16129324|b1363|b1363|   Rac prophage; potassium transporter subunit   [Escherichia coli str. K-12 substr. MG1655 | 511145.12]
435	575	
>gi|16129419|b1460|b1460|   conserved protein   [Escherichia coli str. K-12 substr. MG1655 | 511145.12]
720	821	
879	1037	
>gi|16129338|b1377|b1377|   outer membrane pore protein N, non-specific   [Escherichia coli str. K-12 substr. MG1655 | 511145.12]
6	104	
>gi|16129410|b1451|b1451|   predicted iron outer membrane transporter   [Escherichia coli str. K-12 substr. MG1655 | 511145.12]
972	1082	
1791	1979	
>gi|16129227|b1266|b1266|   conserved protein   [Escherichia coli str. K-12 substr. MG1655 | 511145.12]
537	635	
>gi|16129090|b1127|b1127|   peptidase T   [Escherichia coli str. K-12 substr. MG1655 | 511145.12]
873	998	
>gi|90111250|b1329|b1329|   murein tripeptide (L-ala-gamma-D-glutamyl-meso-DAP) transporter subunit   [Escherichia coli str. K-12 substr. MG1655 | 511145.12]
45	152	
>gi|16129180|b1217|b1217|   predicted cation regulator   [Escherichia coli str. K-12 substr. MG1655 | 511145.12]
21	131	
>gi|16129173|b1210|b1210|   glutamyl tRNA reductase   [Escherichia coli str. K-12 substr. MG1655 | 511145.12]
723	821	
>gi|16129229|b1268|b1268|   predicted inner membrane protein   [Escherichia coli str. K-12 substr. MG1655 | 511145.12]
309	482	
1215	1313	
>gi|16129093|b1130|b1130|   DNA-binding response regulator in two-component regulatory system with PhoQ   [Escherichia coli str. K-12 substr. MG1655 | 511145.12]
288	389	
>gi|16129390|b1431|b1431|   predicted lipoprotein   [Escherichia coli str. K-12 substr. MG1655 | 511145.12]
9	107	
>gi|16129065|b1102|b1102|   ferric-rhodotorulic acid outer membrane transporter   [Escherichia coli str. K-12 substr. MG1655 | 511145.12]
0	101	
447	629	
768	869	
906	1004	
1338	1445	
>gi|16129348|b1387|b1387|   fused aldehyde dehydrogenase/enoyl-CoA hydratase   [Escherichia coli str. K-12 substr. MG1655 | 511145.12]
501	611	
>gi|16129460|b1501|b1501|   predicted oxidoreductase   [Escherichia coli str. K-12 substr. MG1655 | 511145.12]
0	116	
>gi|16129168|b1205|b1205|   predicted inner membrane protein   [Escherichia coli str. K-12 substr. MG1655 | 511145.12]
15	197	
>gi|16129051|b1088|b1088|   conserved protein   [Escherichia coli str. K-12 substr. MG1655 | 511145.12]
270	368	
>gi|16129072|b1109|b1109|   respiratory NADH dehydrogenase 2/cupric reductase   [Escherichia coli str. K-12 substr. MG1655 | 511145.12]
138	248	
>gi|16129084|b1121|b1121|   predicted inner membrane protein   [Escherichia coli str. K-12 substr. MG1655 | 511145.12]
111	212	
255	359	
>gi|90111286|b1498|b1498|   conserved protein   [Escherichia coli str. K-12 substr. MG1655 | 511145.12]
243	341	
1236	1367	
>gi|16128986|b1022|b1022|   predicted glycosyl transferase   [Escherichia coli str. K-12 substr. MG1655 | 511145.12]
987	1103	
>gi|16129363|b1402|b1402|   KpLE2 phage-like element; IS2 insertion element transposase InsAB'   [Escherichia coli str. K-12 substr. MG1655 | 511145.12]
234	341	
>gi|16129150|b1187|b1187|   DNA-binding transcriptional dual regulator of fatty acid metabolism   [Escherichia coli str. K-12 substr. MG1655 | 511145.12]
78	176	
>gi|16129238|b1277|b1277|   GTP cyclohydrolase II   [Escherichia coli str. K-12 substr. MG1655 | 511145.12]
141	266	
>gi|16129428|b1469|b1469|   nitrate/nitrite transporter   [Escherichia coli str. K-12 substr. MG1655 | 511145.12]
261	359	
573	671	
>gi|16128988|b1024|b1024|   predicted outer membrane protein   [Escherichia coli str. K-12 substr. MG1655 | 511145.12]
1443	1568	
>gi|16129276|b1315|b1315|   predicted oxidoreductase, NADH-binding   [Escherichia coli str. K-12 substr. MG1655 | 511145.12]
186	311	
